mode: set
github.com/haakotsm/triage-worker/internal/auth/oauth.go:28.79,37.2 1 1
github.com/haakotsm/triage-worker/internal/auth/oauth.go:47.68,54.70 3 1
github.com/haakotsm/triage-worker/internal/auth/oauth.go:54.70,56.3 1 1
github.com/haakotsm/triage-worker/internal/auth/oauth.go:59.2,60.16 2 1
github.com/haakotsm/triage-worker/internal/auth/oauth.go:60.16,62.3 1 1
github.com/haakotsm/triage-worker/internal/auth/oauth.go:64.2,66.19 3 1
github.com/haakotsm/triage-worker/internal/auth/oauth.go:69.84,77.16 3 1
github.com/haakotsm/triage-worker/internal/auth/oauth.go:77.16,79.3 1 0
github.com/haakotsm/triage-worker/internal/auth/oauth.go:80.2,83.16 3 1
github.com/haakotsm/triage-worker/internal/auth/oauth.go:83.16,85.3 1 1
github.com/haakotsm/triage-worker/internal/auth/oauth.go:86.2,88.38 2 1
github.com/haakotsm/triage-worker/internal/auth/oauth.go:88.38,91.3 2 1
github.com/haakotsm/triage-worker/internal/auth/oauth.go:93.2,94.70 2 1
github.com/haakotsm/triage-worker/internal/auth/oauth.go:94.70,96.3 1 1
github.com/haakotsm/triage-worker/internal/auth/oauth.go:98.2,99.42 2 1
github.com/haakotsm/triage-worker/internal/api/handler.go:58.59,60.2 1 0
github.com/haakotsm/triage-worker/internal/api/handler.go:63.69,64.32 1 0
github.com/haakotsm/triage-worker/internal/api/handler.go:64.32,67.3 2 0
github.com/haakotsm/triage-worker/internal/api/handler.go:70.2,72.9 2 0
github.com/haakotsm/triage-worker/internal/api/handler.go:73.49,74.22 1 0
github.com/haakotsm/triage-worker/internal/api/handler.go:75.33,76.28 1 0
github.com/haakotsm/triage-worker/internal/api/handler.go:77.44,79.24 2 0
github.com/haakotsm/triage-worker/internal/api/handler.go:80.10,81.22 1 0
github.com/haakotsm/triage-worker/internal/api/handler.go:85.71,98.37 7 0
github.com/haakotsm/triage-worker/internal/api/handler.go:98.37,102.3 3 0
github.com/haakotsm/triage-worker/internal/api/handler.go:103.2,103.43 1 0
github.com/haakotsm/triage-worker/internal/api/handler.go:103.43,107.3 3 0
github.com/haakotsm/triage-worker/internal/api/handler.go:108.2,108.38 1 0
github.com/haakotsm/triage-worker/internal/api/handler.go:108.38,112.3 3 0
github.com/haakotsm/triage-worker/internal/api/handler.go:114.2,118.16 4 0
github.com/haakotsm/triage-worker/internal/api/handler.go:118.16,122.3 3 0
github.com/haakotsm/triage-worker/internal/api/handler.go:124.2,129.4 1 0
github.com/haakotsm/triage-worker/internal/api/handler.go:132.77,145.16 3 0
github.com/haakotsm/triage-worker/internal/api/handler.go:145.16,149.3 3 0
github.com/haakotsm/triage-worker/internal/api/handler.go:151.2,154.4 1 0
github.com/haakotsm/triage-worker/internal/api/handler.go:157.83,166.60 3 0
github.com/haakotsm/triage-worker/internal/api/handler.go:166.60,169.3 2 0
github.com/haakotsm/triage-worker/internal/api/handler.go:169.8,174.3 3 0
github.com/haakotsm/triage-worker/internal/api/handler.go:176.2,177.16 2 0
github.com/haakotsm/triage-worker/internal/api/handler.go:177.16,181.3 3 0
github.com/haakotsm/triage-worker/internal/api/handler.go:183.2,183.23 1 0
github.com/haakotsm/triage-worker/internal/api/handler.go:183.23,186.3 2 0
github.com/haakotsm/triage-worker/internal/api/handler.go:188.2,188.41 1 0
github.com/haakotsm/triage-worker/internal/api/handler.go:191.106,193.16 2 0
github.com/haakotsm/triage-worker/internal/api/handler.go:193.16,195.3 1 0
github.com/haakotsm/triage-worker/internal/api/handler.go:196.2,199.18 3 0
github.com/haakotsm/triage-worker/internal/api/handler.go:199.18,211.17 5 0
github.com/haakotsm/triage-worker/internal/api/handler.go:211.17,213.4 1 0
github.com/haakotsm/triage-worker/internal/api/handler.go:215.3,215.23 1 0
github.com/haakotsm/triage-worker/internal/api/handler.go:215.23,217.4 1 0
github.com/haakotsm/triage-worker/internal/api/handler.go:220.3,220.31 1 0
github.com/haakotsm/triage-worker/internal/api/handler.go:220.31,222.4 1 0
github.com/haakotsm/triage-worker/internal/api/handler.go:223.3,223.27 1 0
github.com/haakotsm/triage-worker/internal/api/handler.go:223.27,225.4 1 0
github.com/haakotsm/triage-worker/internal/api/handler.go:227.3,227.28 1 0
github.com/haakotsm/triage-worker/internal/api/handler.go:227.28,229.4 1 0
github.com/haakotsm/triage-worker/internal/api/handler.go:230.3,230.24 1 0
github.com/haakotsm/triage-worker/internal/api/handler.go:230.24,232.4 1 0
github.com/haakotsm/triage-worker/internal/api/handler.go:234.3,234.35 1 0
github.com/haakotsm/triage-worker/internal/api/handler.go:234.35,236.4 1 0
github.com/haakotsm/triage-worker/internal/api/handler.go:237.3,237.31 1 0
github.com/haakotsm/triage-worker/internal/api/handler.go:237.31,239.4 1 0
github.com/haakotsm/triage-worker/internal/api/handler.go:241.3,241.31 1 0
github.com/haakotsm/triage-worker/internal/api/handler.go:244.2,244.20 1 0
github.com/haakotsm/triage-worker/internal/api/handler.go:244.20,246.3 1 0
github.com/haakotsm/triage-worker/internal/api/handler.go:248.2,248.28 1 0
github.com/haakotsm/triage-worker/internal/api/handler.go:251.69,257.2 5 1
github.com/haakotsm/triage-worker/internal/api/handler.go:259.55,260.13 1 1
github.com/haakotsm/triage-worker/internal/api/handler.go:260.13,262.3 1 1
github.com/haakotsm/triage-worker/internal/api/handler.go:263.2,264.27 2 1
github.com/haakotsm/triage-worker/internal/api/handler.go:264.27,266.3 1 1
github.com/haakotsm/triage-worker/internal/api/handler.go:267.2,267.13 1 1
github.com/haakotsm/triage-worker/internal/api/handler.go:267.13,269.3 1 1
github.com/haakotsm/triage-worker/internal/api/handler.go:270.2,270.10 1 1
github.com/haakotsm/triage-worker/internal/types/alert.go:26.42,27.35 1 1
github.com/haakotsm/triage-worker/internal/types/alert.go:27.35,29.3 1 1
github.com/haakotsm/triage-worker/internal/types/alert.go:30.2,30.40 1 1
github.com/haakotsm/triage-worker/internal/types/alert.go:30.40,31.10 1 1
github.com/haakotsm/triage-worker/internal/types/alert.go:32.61,33.12 1 1
github.com/haakotsm/triage-worker/internal/types/alert.go:34.29,35.26 1 1
github.com/haakotsm/triage-worker/internal/types/alert.go:36.11,37.14 1 1
github.com/haakotsm/triage-worker/internal/types/alert.go:40.2,41.20 2 1
github.com/haakotsm/triage-worker/internal/types/alert.go:41.20,44.3 2 0
github.com/haakotsm/triage-worker/internal/types/alert.go:45.2,45.16 1 1
github.com/haakotsm/triage-worker/internal/types/alert.go:45.16,47.3 1 1
github.com/haakotsm/triage-worker/internal/types/alert.go:48.2,48.13 1 1
github.com/haakotsm/triage-worker/internal/types/alert.go:54.46,55.39 1 1
github.com/haakotsm/triage-worker/internal/types/alert.go:55.39,57.3 1 1
github.com/haakotsm/triage-worker/internal/types/alert.go:58.2,58.40 1 1
github.com/haakotsm/triage-worker/internal/types/alert.go:58.40,59.10 1 1
github.com/haakotsm/triage-worker/internal/types/alert.go:61.33,62.12 1 1
github.com/haakotsm/triage-worker/internal/types/alert.go:63.11,64.13 1 1
github.com/haakotsm/triage-worker/internal/types/alert.go:67.2,67.21 1 1
github.com/haakotsm/triage-worker/internal/types/alert.go:67.21,69.3 1 0
github.com/haakotsm/triage-worker/internal/types/alert.go:70.2,70.16 1 1
github.com/haakotsm/triage-worker/internal/types/alert.go:70.16,72.3 1 1
github.com/haakotsm/triage-worker/internal/types/alert.go:73.2,73.13 1 1
github.com/haakotsm/triage-worker/internal/types/alert.go:80.50,82.49 2 1
github.com/haakotsm/triage-worker/internal/types/alert.go:82.49,84.3 1 1
github.com/haakotsm/triage-worker/internal/types/alert.go:85.2,87.22 2 1
github.com/haakotsm/triage-worker/internal/types/alert.go:87.22,89.3 1 1
github.com/haakotsm/triage-worker/internal/types/alert.go:90.2,91.27 2 1
github.com/haakotsm/triage-worker/internal/types/alert.go:91.27,92.25 1 1
github.com/haakotsm/triage-worker/internal/types/alert.go:92.25,94.4 1 0
github.com/haakotsm/triage-worker/internal/types/alert.go:95.3,95.28 1 1
github.com/haakotsm/triage-worker/internal/types/alert.go:98.2,98.40 1 1
github.com/haakotsm/triage-worker/internal/types/alert.go:98.40,100.3 1 1
github.com/haakotsm/triage-worker/internal/types/alert.go:101.2,101.16 1 1
github.com/haakotsm/triage-worker/internal/types/alert.go:120.46,125.11 3 1
github.com/haakotsm/triage-worker/internal/types/alert.go:125.11,127.3 1 1
github.com/haakotsm/triage-worker/internal/types/alert.go:129.2,133.21 2 1
github.com/haakotsm/triage-worker/internal/types/alert.go:133.21,135.3 1 1
github.com/haakotsm/triage-worker/internal/types/alert.go:140.2,140.69 1 1
github.com/haakotsm/triage-worker/internal/types/alert.go:140.69,142.97 2 1
github.com/haakotsm/triage-worker/internal/types/alert.go:142.97,144.18 2 1
github.com/haakotsm/triage-worker/internal/types/alert.go:144.18,146.5 1 1
github.com/haakotsm/triage-worker/internal/types/alert.go:152.2,152.59 1 1
github.com/haakotsm/triage-worker/internal/types/alert.go:152.59,154.17 2 1
github.com/haakotsm/triage-worker/internal/types/alert.go:154.17,156.4 1 1
github.com/haakotsm/triage-worker/internal/types/alert.go:160.2,160.16 1 1
github.com/haakotsm/triage-worker/internal/types/alert.go:164.31,165.17 1 1
github.com/haakotsm/triage-worker/internal/types/alert.go:165.17,167.3 1 0
github.com/haakotsm/triage-worker/internal/types/alert.go:168.2,168.22 1 1
github.com/haakotsm/triage-worker/internal/types/alert.go:168.22,169.25 1 1
github.com/haakotsm/triage-worker/internal/types/alert.go:169.25,171.4 1 1
github.com/haakotsm/triage-worker/internal/types/alert.go:173.2,173.13 1 1
github.com/haakotsm/triage-worker/internal/types/alert.go:202.45,204.29 2 1
github.com/haakotsm/triage-worker/internal/types/alert.go:204.29,205.27 1 1
github.com/haakotsm/triage-worker/internal/types/alert.go:205.27,207.4 1 1
github.com/haakotsm/triage-worker/internal/types/alert.go:209.2,209.15 1 1
github.com/haakotsm/triage-worker/internal/types/alert.go:222.48,224.2 1 1
github.com/haakotsm/triage-worker/internal/types/alert.go:229.64,231.14 2 1
github.com/haakotsm/triage-worker/internal/types/alert.go:231.14,233.3 1 1
github.com/haakotsm/triage-worker/internal/types/alert.go:233.8,235.3 1 1
github.com/haakotsm/triage-worker/internal/types/alert.go:237.2,240.46 2 1
github.com/haakotsm/triage-worker/internal/types/alert.go:240.46,242.3 1 1
github.com/haakotsm/triage-worker/internal/types/alert.go:243.2,243.47 1 1
github.com/haakotsm/triage-worker/internal/types/alert.go:243.47,245.3 1 1
github.com/haakotsm/triage-worker/internal/types/alert.go:246.2,246.45 1 1
github.com/haakotsm/triage-worker/internal/types/alert.go:246.45,248.3 1 1
github.com/haakotsm/triage-worker/internal/types/alert.go:251.2,251.43 1 1
github.com/haakotsm/triage-worker/internal/types/alert.go:251.43,253.3 1 1
github.com/haakotsm/triage-worker/internal/types/alert.go:254.2,254.44 1 1
github.com/haakotsm/triage-worker/internal/types/alert.go:254.44,257.3 1 1
github.com/haakotsm/triage-worker/internal/types/alert.go:261.2,261.58 1 1
github.com/haakotsm/triage-worker/internal/types/alert.go:261.58,263.3 1 1
github.com/haakotsm/triage-worker/internal/types/alert.go:264.2,264.39 1 1
github.com/haakotsm/triage-worker/internal/types/alert.go:264.39,266.3 1 1
github.com/haakotsm/triage-worker/internal/types/alert.go:269.2,269.39 1 1
github.com/haakotsm/triage-worker/internal/types/alert.go:269.39,271.3 1 1
github.com/haakotsm/triage-worker/internal/types/alert.go:273.2,273.91 1 1
github.com/haakotsm/triage-worker/internal/types/l1_commands.go:7.84,18.14 5 1
github.com/haakotsm/triage-worker/internal/types/l1_commands.go:19.13,20.63 1 0
github.com/haakotsm/triage-worker/internal/types/l1_commands.go:21.26,22.16 1 1
github.com/haakotsm/triage-worker/internal/types/l1_commands.go:23.10,24.44 1 1
github.com/haakotsm/triage-worker/internal/types/l1_commands.go:29.2,30.59 2 1
github.com/haakotsm/triage-worker/internal/types/l1_commands.go:30.59,32.3 1 1
github.com/haakotsm/triage-worker/internal/types/l1_commands.go:34.2,40.24 2 1
github.com/haakotsm/triage-worker/internal/types/l1_commands.go:41.19,45.8 1 1
github.com/haakotsm/triage-worker/internal/types/l1_commands.go:47.13,51.8 1 1
github.com/haakotsm/triage-worker/internal/types/l1_commands.go:53.17,58.8 1 1
github.com/haakotsm/triage-worker/internal/types/l1_commands.go:60.19,64.8 1 1
github.com/haakotsm/triage-worker/internal/types/l1_commands.go:66.28,71.8 1 1
github.com/haakotsm/triage-worker/internal/types/l1_commands.go:73.16,78.8 1 1
github.com/haakotsm/triage-worker/internal/types/l1_commands.go:80.20,85.8 1 1
github.com/haakotsm/triage-worker/internal/types/l1_commands.go:88.2,88.13 1 1
github.com/haakotsm/triage-worker/internal/types/l1_commands.go:91.41,92.14 1 1
github.com/haakotsm/triage-worker/internal/types/l1_commands.go:93.20,94.22 1 1
github.com/haakotsm/triage-worker/internal/types/l1_commands.go:95.21,96.23 1 1
github.com/haakotsm/triage-worker/internal/types/l1_commands.go:97.19,98.21 1 1
github.com/haakotsm/triage-worker/internal/types/l1_commands.go:99.13,100.15 1 1
github.com/haakotsm/triage-worker/internal/types/l1_commands.go:101.17,102.19 1 0
github.com/haakotsm/triage-worker/internal/types/l1_commands.go:103.10,104.15 1 1
github.com/haakotsm/triage-worker/cmd/worker/main.go:28.13,37.41 5 0
github.com/haakotsm/triage-worker/cmd/worker/main.go:37.41,40.3 2 0
github.com/haakotsm/triage-worker/cmd/worker/main.go:43.58,64.23 17 0
github.com/haakotsm/triage-worker/cmd/worker/main.go:64.23,67.17 3 0
github.com/haakotsm/triage-worker/cmd/worker/main.go:67.17,69.4 1 0
github.com/haakotsm/triage-worker/cmd/worker/main.go:70.3,76.57 5 0
github.com/haakotsm/triage-worker/cmd/worker/main.go:76.57,78.4 1 0
github.com/haakotsm/triage-worker/cmd/worker/main.go:79.3,79.49 1 0
github.com/haakotsm/triage-worker/cmd/worker/main.go:80.8,82.3 1 0
github.com/haakotsm/triage-worker/cmd/worker/main.go:85.2,86.16 2 0
github.com/haakotsm/triage-worker/cmd/worker/main.go:86.16,88.3 1 0
github.com/haakotsm/triage-worker/cmd/worker/main.go:89.2,90.22 2 0
github.com/haakotsm/triage-worker/cmd/worker/main.go:90.22,92.17 2 0
github.com/haakotsm/triage-worker/cmd/worker/main.go:92.17,94.4 1 0
github.com/haakotsm/triage-worker/cmd/worker/main.go:95.3,95.47 1 0
github.com/haakotsm/triage-worker/cmd/worker/main.go:97.2,105.16 3 0
github.com/haakotsm/triage-worker/cmd/worker/main.go:105.16,107.3 1 0
github.com/haakotsm/triage-worker/cmd/worker/main.go:108.2,145.15 15 0
github.com/haakotsm/triage-worker/cmd/worker/main.go:145.15,148.3 2 0
github.com/haakotsm/triage-worker/cmd/worker/main.go:149.2,162.12 4 0
github.com/haakotsm/triage-worker/cmd/worker/main.go:162.12,165.3 2 0
github.com/haakotsm/triage-worker/cmd/worker/main.go:167.2,167.12 1 0
github.com/haakotsm/triage-worker/cmd/worker/main.go:167.12,169.77 2 0
github.com/haakotsm/triage-worker/cmd/worker/main.go:169.77,171.4 1 0
github.com/haakotsm/triage-worker/cmd/worker/main.go:175.2,175.12 1 0
github.com/haakotsm/triage-worker/cmd/worker/main.go:175.12,178.7 3 0
github.com/haakotsm/triage-worker/cmd/worker/main.go:178.7,179.11 1 0
github.com/haakotsm/triage-worker/cmd/worker/main.go:180.22,181.11 1 0
github.com/haakotsm/triage-worker/cmd/worker/main.go:182.20,186.19 3 0
github.com/haakotsm/triage-worker/cmd/worker/main.go:186.19,188.6 1 0
github.com/haakotsm/triage-worker/cmd/worker/main.go:194.2,194.9 1 0
github.com/haakotsm/triage-worker/cmd/worker/main.go:195.20,196.42 1 0
github.com/haakotsm/triage-worker/cmd/worker/main.go:197.22,198.17 1 0
github.com/haakotsm/triage-worker/cmd/worker/main.go:198.17,200.4 1 0
github.com/haakotsm/triage-worker/cmd/worker/main.go:204.2,208.50 4 0
github.com/haakotsm/triage-worker/cmd/worker/main.go:208.50,210.3 1 0
github.com/haakotsm/triage-worker/cmd/worker/main.go:212.2,214.12 3 0
github.com/haakotsm/triage-worker/cmd/worker/main.go:217.42,218.34 1 1
github.com/haakotsm/triage-worker/cmd/worker/main.go:218.34,220.3 1 1
github.com/haakotsm/triage-worker/cmd/worker/main.go:221.2,221.17 1 1
github.com/haakotsm/triage-worker/cmd/worker/main.go:224.45,225.15 1 1
github.com/haakotsm/triage-worker/cmd/worker/main.go:226.15,227.25 1 1
github.com/haakotsm/triage-worker/cmd/worker/main.go:228.14,229.24 1 1
github.com/haakotsm/triage-worker/cmd/worker/main.go:230.15,231.25 1 1
github.com/haakotsm/triage-worker/cmd/worker/main.go:232.10,233.24 1 1
github.com/haakotsm/triage-worker/cmd/worker/main.go:242.56,244.2 1 1
github.com/haakotsm/triage-worker/cmd/worker/main.go:246.68,248.2 1 1
github.com/haakotsm/triage-worker/cmd/worker/main.go:249.67,251.2 1 1
github.com/haakotsm/triage-worker/cmd/worker/main.go:252.67,254.2 1 1
github.com/haakotsm/triage-worker/cmd/worker/main.go:255.68,257.2 1 1
github.com/haakotsm/triage-worker/internal/webhook/handler.go:40.142,43.25 3 0
github.com/haakotsm/triage-worker/internal/webhook/handler.go:43.25,45.3 1 0
github.com/haakotsm/triage-worker/internal/webhook/handler.go:46.2,54.3 1 0
github.com/haakotsm/triage-worker/internal/webhook/handler.go:58.44,60.2 1 1
github.com/haakotsm/triage-worker/internal/webhook/handler.go:63.69,64.9 1 1
github.com/haakotsm/triage-worker/internal/webhook/handler.go:65.32,66.24 1 1
github.com/haakotsm/triage-worker/internal/webhook/handler.go:67.32,68.24 1 1
github.com/haakotsm/triage-worker/internal/webhook/handler.go:69.31,70.23 1 1
github.com/haakotsm/triage-worker/internal/webhook/handler.go:71.69,72.31 1 0
github.com/haakotsm/triage-worker/internal/webhook/handler.go:73.10,74.22 1 1
github.com/haakotsm/triage-worker/internal/webhook/handler.go:78.73,79.33 1 1
github.com/haakotsm/triage-worker/internal/webhook/handler.go:79.33,82.3 2 1
github.com/haakotsm/triage-worker/internal/webhook/handler.go:85.2,85.27 1 1
github.com/haakotsm/triage-worker/internal/webhook/handler.go:85.27,88.95 3 1
github.com/haakotsm/triage-worker/internal/webhook/handler.go:88.95,91.4 2 1
github.com/haakotsm/triage-worker/internal/webhook/handler.go:95.2,95.23 1 1
github.com/haakotsm/triage-worker/internal/webhook/handler.go:95.23,98.3 2 1
github.com/haakotsm/triage-worker/internal/webhook/handler.go:101.2,102.48 2 1
github.com/haakotsm/triage-worker/internal/webhook/handler.go:102.48,105.3 2 1
github.com/haakotsm/triage-worker/internal/webhook/handler.go:108.2,109.16 2 1
github.com/haakotsm/triage-worker/internal/webhook/handler.go:109.16,112.3 2 0
github.com/haakotsm/triage-worker/internal/webhook/handler.go:114.2,115.58 2 1
github.com/haakotsm/triage-worker/internal/webhook/handler.go:115.58,119.3 3 1
github.com/haakotsm/triage-worker/internal/webhook/handler.go:122.2,123.22 2 1
github.com/haakotsm/triage-worker/internal/webhook/handler.go:123.22,132.3 5 1
github.com/haakotsm/triage-worker/internal/webhook/handler.go:135.2,135.35 1 0
github.com/haakotsm/triage-worker/internal/webhook/handler.go:135.35,136.80 1 0
github.com/haakotsm/triage-worker/internal/webhook/handler.go:136.80,138.4 1 0
github.com/haakotsm/triage-worker/internal/webhook/handler.go:142.2,145.31 3 0
github.com/haakotsm/triage-worker/internal/webhook/handler.go:145.31,150.3 4 0
github.com/haakotsm/triage-worker/internal/webhook/handler.go:153.2,156.45 3 0
github.com/haakotsm/triage-worker/internal/webhook/handler.go:156.45,158.72 2 0
github.com/haakotsm/triage-worker/internal/webhook/handler.go:158.72,164.4 2 0
github.com/haakotsm/triage-worker/internal/webhook/handler.go:167.2,167.21 1 0
github.com/haakotsm/triage-worker/internal/webhook/handler.go:167.21,171.3 2 0
github.com/haakotsm/triage-worker/internal/webhook/handler.go:173.2,179.56 3 0
github.com/haakotsm/triage-worker/internal/webhook/handler.go:179.56,181.3 1 0
github.com/haakotsm/triage-worker/internal/webhook/handler.go:184.130,193.31 2 0
github.com/haakotsm/triage-worker/internal/webhook/handler.go:193.31,203.17 2 0
github.com/haakotsm/triage-worker/internal/webhook/handler.go:203.17,205.4 1 0
github.com/haakotsm/triage-worker/internal/webhook/handler.go:208.2,215.12 2 0
github.com/haakotsm/triage-worker/internal/webhook/handler.go:218.73,221.2 2 1
github.com/haakotsm/triage-worker/internal/webhook/handler.go:225.89,226.17 1 1
github.com/haakotsm/triage-worker/internal/webhook/handler.go:226.17,228.3 1 1
github.com/haakotsm/triage-worker/internal/webhook/handler.go:231.2,232.37 2 0
github.com/haakotsm/triage-worker/internal/webhook/handler.go:232.37,233.33 1 0
github.com/haakotsm/triage-worker/internal/webhook/handler.go:233.33,234.12 1 0
github.com/haakotsm/triage-worker/internal/webhook/handler.go:236.3,238.20 3 0
github.com/haakotsm/triage-worker/internal/webhook/handler.go:241.2,242.25 2 0
github.com/haakotsm/triage-worker/internal/webhook/handler.go:242.25,247.17 2 0
github.com/haakotsm/triage-worker/internal/webhook/handler.go:247.17,249.12 2 0
github.com/haakotsm/triage-worker/internal/webhook/handler.go:251.3,251.43 1 0
github.com/haakotsm/triage-worker/internal/webhook/handler.go:251.43,254.4 2 0
github.com/haakotsm/triage-worker/internal/webhook/handler.go:256.2,256.16 1 0
github.com/haakotsm/triage-worker/internal/webhook/handler.go:259.72,260.23 1 1
github.com/haakotsm/triage-worker/internal/webhook/handler.go:260.23,263.3 2 1
github.com/haakotsm/triage-worker/internal/webhook/handler.go:264.2,265.30 2 1
github.com/haakotsm/triage-worker/internal/workflow/triage.go:27.98,39.16 8 1
github.com/haakotsm/triage-worker/internal/workflow/triage.go:39.16,41.3 1 0
github.com/haakotsm/triage-worker/internal/workflow/triage.go:42.2,70.57 11 1
github.com/haakotsm/triage-worker/internal/workflow/triage.go:70.57,73.3 2 0
github.com/haakotsm/triage-worker/internal/workflow/triage.go:74.2,74.55 1 1
github.com/haakotsm/triage-worker/internal/workflow/triage.go:74.55,77.3 2 1
github.com/haakotsm/triage-worker/internal/workflow/triage.go:78.2,78.57 1 1
github.com/haakotsm/triage-worker/internal/workflow/triage.go:78.57,81.3 2 1
github.com/haakotsm/triage-worker/internal/workflow/triage.go:83.2,107.16 6 1
github.com/haakotsm/triage-worker/internal/workflow/triage.go:107.16,110.3 2 0
github.com/haakotsm/triage-worker/internal/workflow/triage.go:113.2,146.16 8 1
github.com/haakotsm/triage-worker/internal/workflow/triage.go:146.16,149.3 1 0
github.com/haakotsm/triage-worker/internal/workflow/triage.go:151.2,158.20 2 1
github.com/haakotsm/triage-worker/internal/workflow/triage.go:163.67,169.6 5 1
github.com/haakotsm/triage-worker/internal/workflow/triage.go:169.6,171.21 2 1
github.com/haakotsm/triage-worker/internal/workflow/triage.go:171.21,172.9 1 0
github.com/haakotsm/triage-worker/internal/workflow/triage.go:175.3,176.27 2 1
github.com/haakotsm/triage-worker/internal/workflow/triage.go:176.27,178.4 1 0
github.com/haakotsm/triage-worker/internal/workflow/triage.go:181.3,181.71 1 1
github.com/haakotsm/triage-worker/internal/workflow/triage.go:181.71,183.4 1 1
github.com/haakotsm/triage-worker/internal/workflow/triage.go:184.3,184.16 1 1
github.com/haakotsm/triage-worker/internal/workflow/triage.go:184.16,186.9 1 1
github.com/haakotsm/triage-worker/internal/workflow/triage.go:190.3,190.25 1 1
github.com/haakotsm/triage-worker/internal/workflow/triage.go:190.25,193.32 3 1
github.com/haakotsm/triage-worker/internal/workflow/triage.go:193.32,196.5 2 1
github.com/haakotsm/triage-worker/internal/workflow/triage.go:200.2,200.22 1 1
github.com/haakotsm/triage-worker/internal/workflow/triage.go:200.22,205.3 1 0
github.com/haakotsm/triage-worker/internal/workflow/triage.go:207.2,207.20 1 1
github.com/haakotsm/triage-worker/internal/activity/agent.go:78.149,84.16 3 0
github.com/haakotsm/triage-worker/internal/activity/agent.go:84.16,87.3 1 0
github.com/haakotsm/triage-worker/internal/activity/agent.go:90.2,105.16 3 0
github.com/haakotsm/triage-worker/internal/activity/agent.go:105.16,107.3 1 0
github.com/haakotsm/triage-worker/internal/activity/agent.go:109.2,110.16 2 0
github.com/haakotsm/triage-worker/internal/activity/agent.go:110.16,112.3 1 0
github.com/haakotsm/triage-worker/internal/activity/agent.go:113.2,117.16 4 0
github.com/haakotsm/triage-worker/internal/activity/agent.go:117.16,119.3 1 0
github.com/haakotsm/triage-worker/internal/activity/agent.go:120.2,123.9 2 0
github.com/haakotsm/triage-worker/internal/activity/agent.go:124.93,126.72 1 0
github.com/haakotsm/triage-worker/internal/activity/agent.go:127.48,129.73 1 0
github.com/haakotsm/triage-worker/internal/activity/agent.go:130.53,131.76 1 0
github.com/haakotsm/triage-worker/internal/activity/agent.go:132.30,133.79 1 0
github.com/haakotsm/triage-worker/internal/activity/agent.go:134.40,135.84 1 0
github.com/haakotsm/triage-worker/internal/activity/agent.go:139.2,142.56 3 0
github.com/haakotsm/triage-worker/internal/activity/agent.go:142.56,144.3 1 0
github.com/haakotsm/triage-worker/internal/activity/agent.go:144.8,146.3 1 0
github.com/haakotsm/triage-worker/internal/activity/agent.go:147.2,147.16 1 0
github.com/haakotsm/triage-worker/internal/activity/agent.go:147.16,149.3 1 0
github.com/haakotsm/triage-worker/internal/activity/agent.go:152.2,156.16 3 0
github.com/haakotsm/triage-worker/internal/activity/agent.go:156.16,159.26 1 0
github.com/haakotsm/triage-worker/internal/activity/agent.go:159.26,167.4 1 0
github.com/haakotsm/triage-worker/internal/activity/agent.go:168.3,169.68 1 0
github.com/haakotsm/triage-worker/internal/activity/agent.go:173.2,173.56 1 0
github.com/haakotsm/triage-worker/internal/activity/agent.go:173.56,176.3 2 0
github.com/haakotsm/triage-worker/internal/activity/agent.go:178.2,178.20 1 0
github.com/haakotsm/triage-worker/internal/activity/agent.go:183.65,186.62 2 1
github.com/haakotsm/triage-worker/internal/activity/agent.go:186.62,188.3 1 1
github.com/haakotsm/triage-worker/internal/activity/agent.go:191.2,192.59 2 1
github.com/haakotsm/triage-worker/internal/activity/agent.go:192.59,194.3 1 0
github.com/haakotsm/triage-worker/internal/activity/agent.go:197.2,197.39 1 1
github.com/haakotsm/triage-worker/internal/activity/agent.go:197.39,199.3 1 1
github.com/haakotsm/triage-worker/internal/activity/agent.go:202.2,203.16 2 1
github.com/haakotsm/triage-worker/internal/activity/agent.go:203.16,205.3 1 0
github.com/haakotsm/triage-worker/internal/activity/agent.go:206.2,206.55 1 1
github.com/haakotsm/triage-worker/internal/activity/agent.go:206.55,208.3 1 0
github.com/haakotsm/triage-worker/internal/activity/agent.go:209.2,209.20 1 1
github.com/haakotsm/triage-worker/internal/activity/agent.go:213.63,215.52 2 1
github.com/haakotsm/triage-worker/internal/activity/agent.go:215.52,217.3 1 0
github.com/haakotsm/triage-worker/internal/activity/agent.go:218.2,219.29 2 1
github.com/haakotsm/triage-worker/internal/activity/agent.go:219.29,221.38 2 1
github.com/haakotsm/triage-worker/internal/activity/agent.go:221.38,223.12 2 0
github.com/haakotsm/triage-worker/internal/activity/agent.go:226.3,226.40 1 1
github.com/haakotsm/triage-worker/internal/activity/agent.go:228.2,229.12 2 1
github.com/haakotsm/triage-worker/internal/activity/agent.go:234.58,236.63 2 1
github.com/haakotsm/triage-worker/internal/activity/agent.go:236.63,239.3 1 1
github.com/haakotsm/triage-worker/internal/activity/agent.go:240.2,240.26 1 1
github.com/haakotsm/triage-worker/internal/activity/agent.go:240.26,242.67 1 1
github.com/haakotsm/triage-worker/internal/activity/agent.go:242.67,246.4 1 1
github.com/haakotsm/triage-worker/internal/activity/agent.go:247.3,247.87 1 0
github.com/haakotsm/triage-worker/internal/activity/agent.go:249.2,249.27 1 1
github.com/haakotsm/triage-worker/internal/activity/agent.go:249.27,252.3 1 0
github.com/haakotsm/triage-worker/internal/activity/agent.go:254.2,254.85 1 1
github.com/haakotsm/triage-worker/internal/activity/agent.go:254.85,256.3 1 1
github.com/haakotsm/triage-worker/internal/activity/agent.go:258.2,258.76 1 1
github.com/haakotsm/triage-worker/internal/activity/agent.go:258.76,260.3 1 1
github.com/haakotsm/triage-worker/internal/activity/agent.go:262.2,262.90 1 1
github.com/haakotsm/triage-worker/internal/activity/agent.go:262.90,264.3 1 0
github.com/haakotsm/triage-worker/internal/activity/agent.go:265.2,266.45 1 1
github.com/haakotsm/triage-worker/internal/activity/agent.go:270.54,274.21 3 1
github.com/haakotsm/triage-worker/internal/activity/agent.go:274.21,276.40 2 1
github.com/haakotsm/triage-worker/internal/activity/agent.go:276.40,278.4 1 1
github.com/haakotsm/triage-worker/internal/activity/agent.go:280.2,280.38 1 1
github.com/haakotsm/triage-worker/internal/activity/agent.go:280.38,282.3 1 0
github.com/haakotsm/triage-worker/internal/activity/agent.go:284.2,284.20 1 1
github.com/haakotsm/triage-worker/internal/activity/agent.go:284.20,287.3 1 1
github.com/haakotsm/triage-worker/internal/activity/agent.go:290.2,291.67 2 1
github.com/haakotsm/triage-worker/internal/activity/agent.go:291.67,294.3 1 1
github.com/haakotsm/triage-worker/internal/activity/agent.go:295.2,295.27 1 1
github.com/haakotsm/triage-worker/internal/activity/agent.go:295.27,296.86 1 1
github.com/haakotsm/triage-worker/internal/activity/agent.go:296.86,298.4 1 1
github.com/haakotsm/triage-worker/internal/activity/agent.go:299.3,299.77 1 0
github.com/haakotsm/triage-worker/internal/activity/agent.go:299.77,301.4 1 0
github.com/haakotsm/triage-worker/internal/activity/agent.go:303.2,303.22 1 0
github.com/haakotsm/triage-worker/internal/activity/agent.go:309.41,312.31 2 1
github.com/haakotsm/triage-worker/internal/activity/agent.go:312.31,314.3 1 1
github.com/haakotsm/triage-worker/internal/activity/agent.go:316.2,316.46 1 1
github.com/haakotsm/triage-worker/internal/activity/agent.go:316.46,319.56 2 1
github.com/haakotsm/triage-worker/internal/activity/agent.go:319.56,321.4 1 1
github.com/haakotsm/triage-worker/internal/activity/agent.go:322.3,322.55 1 1
github.com/haakotsm/triage-worker/internal/activity/agent.go:322.55,324.41 2 1
github.com/haakotsm/triage-worker/internal/activity/agent.go:324.41,326.5 1 1
github.com/haakotsm/triage-worker/internal/activity/agent.go:330.2,330.52 1 1
github.com/haakotsm/triage-worker/internal/activity/agent.go:330.52,331.58 1 1
github.com/haakotsm/triage-worker/internal/activity/agent.go:331.58,333.4 1 1
github.com/haakotsm/triage-worker/internal/activity/agent.go:335.2,335.10 1 1
github.com/haakotsm/triage-worker/internal/activity/agent.go:340.87,345.31 4 1
github.com/haakotsm/triage-worker/internal/activity/agent.go:345.31,349.44 4 1
github.com/haakotsm/triage-worker/internal/activity/agent.go:349.44,351.4 1 1
github.com/haakotsm/triage-worker/internal/activity/agent.go:352.3,352.59 1 1
github.com/haakotsm/triage-worker/internal/activity/agent.go:352.59,354.4 1 1
github.com/haakotsm/triage-worker/internal/activity/agent.go:355.3,355.22 1 1
github.com/haakotsm/triage-worker/internal/activity/agent.go:358.2,361.37 2 1
github.com/haakotsm/triage-worker/internal/activity/agent.go:361.37,367.3 5 1
github.com/haakotsm/triage-worker/internal/activity/agent.go:367.8,369.3 1 1
github.com/haakotsm/triage-worker/internal/activity/agent.go:372.2,372.37 1 1
github.com/haakotsm/triage-worker/internal/activity/agent.go:372.37,375.47 3 1
github.com/haakotsm/triage-worker/internal/activity/agent.go:375.47,377.4 1 1
github.com/haakotsm/triage-worker/internal/activity/agent.go:378.3,378.50 1 1
github.com/haakotsm/triage-worker/internal/activity/agent.go:378.50,380.61 2 1
github.com/haakotsm/triage-worker/internal/activity/agent.go:380.61,382.25 1 1
github.com/haakotsm/triage-worker/internal/activity/agent.go:382.25,384.6 1 1
github.com/haakotsm/triage-worker/internal/activity/agent.go:385.5,385.49 1 1
github.com/haakotsm/triage-worker/internal/activity/agent.go:388.3,388.27 1 1
github.com/haakotsm/triage-worker/internal/activity/agent.go:389.8,391.3 1 1
github.com/haakotsm/triage-worker/internal/activity/agent.go:394.2,394.70 1 1
github.com/haakotsm/triage-worker/internal/activity/agent.go:394.70,396.51 2 1
github.com/haakotsm/triage-worker/internal/activity/agent.go:396.51,397.15 1 1
github.com/haakotsm/triage-worker/internal/activity/agent.go:397.15,399.10 2 1
github.com/haakotsm/triage-worker/internal/activity/agent.go:402.4,402.23 1 1
github.com/haakotsm/triage-worker/internal/activity/agent.go:402.23,404.5 1 0
github.com/haakotsm/triage-worker/internal/activity/agent.go:405.4,405.40 1 1
github.com/haakotsm/triage-worker/internal/activity/agent.go:407.3,407.27 1 1
github.com/haakotsm/triage-worker/internal/activity/agent.go:408.8,408.39 1 1
github.com/haakotsm/triage-worker/internal/activity/agent.go:408.39,410.3 1 1
github.com/haakotsm/triage-worker/internal/activity/agent.go:412.2,414.19 2 1
github.com/haakotsm/triage-worker/internal/activity/agent.go:418.32,420.22 2 1
github.com/haakotsm/triage-worker/internal/activity/agent.go:420.22,421.40 1 1
github.com/haakotsm/triage-worker/internal/activity/agent.go:421.40,423.4 1 1
github.com/haakotsm/triage-worker/internal/activity/agent.go:425.2,425.19 1 1
github.com/haakotsm/triage-worker/internal/activity/agent.go:428.41,429.19 1 0
github.com/haakotsm/triage-worker/internal/activity/agent.go:429.19,431.3 1 0
github.com/haakotsm/triage-worker/internal/activity/agent.go:432.2,432.16 1 0
github.com/haakotsm/triage-worker/internal/activity/enrich.go:28.146,32.16 2 0
github.com/haakotsm/triage-worker/internal/activity/enrich.go:32.16,34.3 1 0
github.com/haakotsm/triage-worker/internal/activity/enrich.go:36.2,48.121 5 0
github.com/haakotsm/triage-worker/internal/activity/enrich.go:48.121,53.3 1 0
github.com/haakotsm/triage-worker/internal/activity/enrich.go:55.2,56.49 2 0
github.com/haakotsm/triage-worker/internal/activity/enrich.go:56.49,58.33 2 0
github.com/haakotsm/triage-worker/internal/activity/enrich.go:58.33,60.4 1 0
github.com/haakotsm/triage-worker/internal/activity/enrich.go:64.2,69.49 3 0
github.com/haakotsm/triage-worker/internal/activity/enrich.go:69.49,71.22 2 0
github.com/haakotsm/triage-worker/internal/activity/enrich.go:71.22,73.4 1 0
github.com/haakotsm/triage-worker/internal/activity/enrich.go:77.2,82.49 3 0
github.com/haakotsm/triage-worker/internal/activity/enrich.go:82.49,84.22 2 0
github.com/haakotsm/triage-worker/internal/activity/enrich.go:84.22,86.4 1 0
github.com/haakotsm/triage-worker/internal/activity/enrich.go:89.2,89.20 1 0
github.com/haakotsm/triage-worker/internal/activity/enrich.go:98.150,105.23 4 0
github.com/haakotsm/triage-worker/internal/activity/enrich.go:106.20,107.55 1 0
github.com/haakotsm/triage-worker/internal/activity/enrich.go:108.21,109.55 1 0
github.com/haakotsm/triage-worker/internal/activity/enrich.go:110.19,111.55 1 0
github.com/haakotsm/triage-worker/internal/activity/enrich.go:112.13,114.74 1 0
github.com/haakotsm/triage-worker/internal/activity/enrich.go:115.10,118.21 1 0
github.com/haakotsm/triage-worker/internal/activity/enrich.go:121.2,125.16 2 0
github.com/haakotsm/triage-worker/internal/activity/enrich.go:125.16,127.3 1 0
github.com/haakotsm/triage-worker/internal/activity/enrich.go:129.2,129.33 1 0
github.com/haakotsm/triage-worker/internal/activity/enrich.go:129.33,131.51 2 0
github.com/haakotsm/triage-worker/internal/activity/enrich.go:131.51,132.31 1 0
github.com/haakotsm/triage-worker/internal/activity/enrich.go:132.31,135.5 1 0
github.com/haakotsm/triage-worker/internal/activity/enrich.go:135.10,135.41 1 0
github.com/haakotsm/triage-worker/internal/activity/enrich.go:135.41,139.5 2 0
github.com/haakotsm/triage-worker/internal/activity/enrich.go:139.10,139.61 1 0
github.com/haakotsm/triage-worker/internal/activity/enrich.go:139.61,142.5 1 0
github.com/haakotsm/triage-worker/internal/activity/enrich.go:143.4,143.49 1 0
github.com/haakotsm/triage-worker/internal/activity/enrich.go:143.49,145.5 1 0
github.com/haakotsm/triage-worker/internal/activity/enrich.go:150.2,153.16 2 0
github.com/haakotsm/triage-worker/internal/activity/enrich.go:153.16,155.38 2 0
github.com/haakotsm/triage-worker/internal/activity/enrich.go:155.38,158.26 2 0
github.com/haakotsm/triage-worker/internal/activity/enrich.go:158.26,160.5 1 0
github.com/haakotsm/triage-worker/internal/activity/enrich.go:161.4,161.36 1 0
github.com/haakotsm/triage-worker/internal/activity/enrich.go:161.36,162.13 1 0
github.com/haakotsm/triage-worker/internal/activity/enrich.go:164.4,164.30 1 0
github.com/haakotsm/triage-worker/internal/activity/enrich.go:164.30,165.13 1 0
github.com/haakotsm/triage-worker/internal/activity/enrich.go:168.4,169.98 1 0
github.com/haakotsm/triage-worker/internal/activity/enrich.go:169.98,172.5 1 0
github.com/haakotsm/triage-worker/internal/activity/enrich.go:176.2,176.20 1 0
github.com/haakotsm/triage-worker/internal/activity/enrich.go:180.58,181.38 1 1
github.com/haakotsm/triage-worker/internal/activity/enrich.go:181.38,183.3 1 1
github.com/haakotsm/triage-worker/internal/activity/enrich.go:184.2,184.128 1 1
github.com/haakotsm/triage-worker/internal/activity/enrich.go:188.134,194.34 2 1
github.com/haakotsm/triage-worker/internal/activity/enrich.go:194.34,199.3 1 1
github.com/haakotsm/triage-worker/internal/activity/enrich.go:202.2,204.16 3 1
github.com/haakotsm/triage-worker/internal/activity/enrich.go:204.16,206.3 1 0
github.com/haakotsm/triage-worker/internal/activity/enrich.go:208.2,216.16 8 1
github.com/haakotsm/triage-worker/internal/activity/enrich.go:216.16,218.3 1 0
github.com/haakotsm/triage-worker/internal/activity/enrich.go:219.2,221.38 2 1
github.com/haakotsm/triage-worker/internal/activity/enrich.go:221.38,223.3 1 1
github.com/haakotsm/triage-worker/internal/activity/enrich.go:226.2,227.16 2 1
github.com/haakotsm/triage-worker/internal/activity/enrich.go:227.16,229.3 1 0
github.com/haakotsm/triage-worker/internal/activity/enrich.go:231.2,232.56 2 1
github.com/haakotsm/triage-worker/internal/activity/enrich.go:232.56,234.3 1 0
github.com/haakotsm/triage-worker/internal/activity/enrich.go:236.2,236.34 1 1
github.com/haakotsm/triage-worker/internal/activity/enrich.go:236.34,238.3 1 1
github.com/haakotsm/triage-worker/internal/activity/enrich.go:240.2,241.46 2 1
github.com/haakotsm/triage-worker/internal/activity/enrich.go:241.46,242.39 1 1
github.com/haakotsm/triage-worker/internal/activity/enrich.go:242.39,243.23 1 1
github.com/haakotsm/triage-worker/internal/activity/enrich.go:243.23,246.30 3 1
github.com/haakotsm/triage-worker/internal/activity/enrich.go:246.30,247.11 1 1
github.com/haakotsm/triage-worker/internal/activity/enrich.go:251.3,251.28 1 1
github.com/haakotsm/triage-worker/internal/activity/enrich.go:251.28,252.9 1 1
github.com/haakotsm/triage-worker/internal/activity/enrich.go:256.2,260.8 1 1
github.com/haakotsm/triage-worker/internal/activity/report.go:21.98,22.17 1 1
github.com/haakotsm/triage-worker/internal/activity/report.go:22.17,24.3 1 1
github.com/haakotsm/triage-worker/internal/activity/report.go:26.2,27.16 2 0
github.com/haakotsm/triage-worker/internal/activity/report.go:27.16,29.3 1 0
github.com/haakotsm/triage-worker/internal/activity/report.go:31.2,32.16 2 0
github.com/haakotsm/triage-worker/internal/activity/report.go:32.16,34.3 1 0
github.com/haakotsm/triage-worker/internal/activity/report.go:36.2,37.16 2 0
github.com/haakotsm/triage-worker/internal/activity/report.go:37.16,39.3 1 0
github.com/haakotsm/triage-worker/internal/activity/report.go:41.2,78.16 3 0
github.com/haakotsm/triage-worker/internal/activity/report.go:78.16,80.3 1 0
github.com/haakotsm/triage-worker/internal/activity/report.go:82.2,82.12 1 0
github.com/haakotsm/triage-worker/internal/activity/report.go:86.59,123.2 5 0
